<!DOCTYPE html PUBLIC "-//W3C//DTD XHTML 1.1//EN" "https://www.w3.org/TR/xhtml11/DTD/xhtml11.dtd">
<html xmlns="https://www.w3.org/1999/xhtml">
<head>
<meta http-equiv="content-type" content="text/html; charset=UTF-8"/>
<title>TestNG Report</title>
<style type="text/css">table {margin-bottom:10px;border-collapse:collapse;empty-cells:show}th,td {border:1px solid #009;padding:.25em .5em}th {vertical-align:bottom}td {vertical-align:top}table a {font-weight:bold}.stripe td {background-color: #E6EBF9}.num {text-align:right}.passedodd td {background-color: #3F3}.passedeven td {background-color: #0A0}.skippedodd td {background-color: #DDD}.skippedeven td {background-color: #CCC}.failedodd td,.attn {background-color: #F33}.failedeven td,.stripe .attn {background-color: #D00}.stacktrace {white-space:pre;font-family:monospace}.totop {font-size:85%;text-align:center;border-bottom:2px solid #000}.invisible {display:none}</style>
</head>
<body>
<table>
<tr><th>Test</th><th># Passed</th><th># Skipped</th><th># Retried</th><th># Failed</th><th>Time (ms)</th><th>Included Groups</th><th>Excluded Groups</th></tr>
<tr><th colspan="8">TestNG Session Test Automation Suite</th></tr>
<tr><td><a href="#t0">Different TestNg feature test</a></td><td class="num">25</td><td class="num">0</td><td class="num">0</td><td class="num attn">2</td><td class="num">29,058</td><td></td><td></td></tr>
</table>
<table id='summary'><thead><tr><th>Class</th><th>Method</th><th>Start</th><th>Time (ms)</th></tr></thead><tbody><tr><th colspan="4">TestNG Session Test Automation Suite</th></tr></tbody><tbody id="t0"><tr><th colspan="4">Different TestNg feature test &#8212; failed</th></tr><tr class="failedeven"><td rowspan="1">com.test.ExceptionTimeOutTest</td><td><a href="#m0">testMethod</a></td><td rowspan="1">1740394097314</td><td rowspan="1">1025</td></tr><tr class="failedodd"><td rowspan="1">com.test.GoogleTitleTest</td><td><a href="#m1">googleTitleTest</a></td><td rowspan="1">1740394126067</td><td rowspan="1">24</td></tr><tr><th colspan="4">Different TestNg feature test &#8212; passed</th></tr><tr class="passedeven"><td rowspan="1">com.test.ExceptionTimeOutTest</td><td><a href="#m2">testMethod2</a></td><td rowspan="1">1740394098365</td><td rowspan="1">5</td></tr><tr class="passedodd"><td rowspan="6">com.test.GoogleTest</td><td><a href="#m3">Test1</a></td><td rowspan="1">1740394112668</td><td rowspan="1">2</td></tr><tr class="passedodd"><td><a href="#m4">Test2</a></td><td rowspan="1">1740394119836</td><td rowspan="1">1</td></tr><tr class="passedodd"><td><a href="#m5">Test3</a></td><td rowspan="1">1740394115768</td><td rowspan="1">2</td></tr><tr class="passedodd"><td><a href="#m6">gmailLinkTest</a></td><td rowspan="1">1740394105588</td><td rowspan="1">59</td></tr><tr class="passedodd"><td><a href="#m7">googleLogoTest</a></td><td rowspan="1">1740394109425</td><td rowspan="1">45</td></tr><tr class="passedodd"><td><a href="#m8">googleTitleTest</a></td><td rowspan="1">1740394102437</td><td rowspan="1">15</td></tr><tr class="passedeven"><td rowspan="1">com.test.GoogleTitleTest</td><td><a href="#m9">googleLogoTest</a></td><td rowspan="1">1740394122791</td><td rowspan="1">58</td></tr><tr class="passedodd"><td rowspan="10">com.test.InvocationCountTest</td><td><a href="#m10">sum</a></td><td rowspan="10">1740394126279</td><td rowspan="10">1</td></tr><tr class="passedodd"><td><a href="#m11">sum</a></td></tr><tr class="passedodd"><td><a href="#m12">sum</a></td></tr><tr class="passedodd"><td><a href="#m13">sum</a></td></tr><tr class="passedodd"><td><a href="#m14">sum</a></td></tr><tr class="passedodd"><td><a href="#m15">sum</a></td></tr><tr class="passedodd"><td><a href="#m16">sum</a></td></tr><tr class="passedodd"><td><a href="#m17">sum</a></td></tr><tr class="passedodd"><td><a href="#m18">sum</a></td></tr><tr class="passedodd"><td><a href="#m19">sum</a></td></tr><tr class="passedeven"><td rowspan="3">com.test.TestNgBasics</td><td><a href="#m20">googleLogoTest</a></td><td rowspan="1">1740394126294</td><td rowspan="1">0</td></tr><tr class="passedeven"><td><a href="#m21">googleTitleTest</a></td><td rowspan="1">1740394126298</td><td rowspan="1">1</td></tr><tr class="passedeven"><td><a href="#m22">searchTest</a></td><td rowspan="1">1740394126301</td><td rowspan="1">2</td></tr><tr class="passedodd"><td rowspan="4">com.test.TestNgFeatures</td><td><a href="#m23">HomePageTest</a></td><td rowspan="1">1740394126310</td><td rowspan="1">1</td></tr><tr class="passedodd"><td><a href="#m24">loginTest</a></td><td rowspan="1">1740394126306</td><td rowspan="1">1</td></tr><tr class="passedodd"><td><a href="#m25">registraionPageTest</a></td><td rowspan="1">1740394126312</td><td rowspan="1">1</td></tr><tr class="passedodd"><td><a href="#m26">searchPageTest</a></td><td rowspan="1">1740394126315</td><td rowspan="1">1</td></tr></tbody>
</table>
<h2>Different TestNg feature test</h2><h3 id="m0">com.test.ExceptionTimeOutTest#testMethod</h3><table class="result"><tr><th>Exception</th></tr><tr><td><div class="stacktrace">org.testng.internal.thread.ThreadTimeoutException: Method com.test.ExceptionTimeOutTest.testMethod() didn&apos;t finish within the time-out 1000
	at java.base@17.0.9/jdk.internal.misc.Unsafe.park(Native Method)
	at java.base@17.0.9/java.util.concurrent.locks.LockSupport.parkNanos(LockSupport.java:252)
	at java.base@17.0.9/java.util.concurrent.CompletableFuture$Signaller.block(CompletableFuture.java:1866)
	at java.base@17.0.9/java.util.concurrent.ForkJoinPool.unmanagedBlock(ForkJoinPool.java:3465)
	at java.base@17.0.9/java.util.concurrent.ForkJoinPool.managedBlock(ForkJoinPool.java:3436)
	at java.base@17.0.9/java.util.concurrent.CompletableFuture.timedGet(CompletableFuture.java:1939)
	at java.base@17.0.9/java.util.concurrent.CompletableFuture.get(CompletableFuture.java:2095)
	at app//org.openqa.selenium.remote.http.jdk.JdkHttpClient.execute0(JdkHttpClient.java:385)
	at app//org.openqa.selenium.remote.http.jdk.JdkHttpClient$$Lambda$284/0x0000000800203b88.execute(Unknown Source)
	at app//org.openqa.selenium.remote.http.AddSeleniumUserAgent.lambda$apply$0(AddSeleniumUserAgent.java:42)
	at app//org.openqa.selenium.remote.http.AddSeleniumUserAgent$$Lambda$480/0x00000008002a4f38.execute(Unknown Source)
	at app//org.openqa.selenium.remote.http.Filter.lambda$andFinally$1(Filter.java:55)
	at app//org.openqa.selenium.remote.http.Filter$$Lambda$285/0x0000000800203db8.execute(Unknown Source)
	at app//org.openqa.selenium.remote.http.jdk.JdkHttpClient.execute(JdkHttpClient.java:358)
	at app//org.openqa.selenium.remote.ProtocolHandshake.createSession(ProtocolHandshake.java:115)
	at app//org.openqa.selenium.remote.ProtocolHandshake.createSession(ProtocolHandshake.java:96)
	at app//org.openqa.selenium.remote.ProtocolHandshake.createSession(ProtocolHandshake.java:68)
	at app//org.openqa.selenium.remote.HttpCommandExecutor.execute(HttpCommandExecutor.java:163)
	at app//org.openqa.selenium.remote.service.DriverCommandExecutor.invokeExecute(DriverCommandExecutor.java:200)
	at app//org.openqa.selenium.remote.service.DriverCommandExecutor.execute(DriverCommandExecutor.java:175)
	at app//org.openqa.selenium.remote.RemoteWebDriver.execute(RemoteWebDriver.java:523)
	at app//org.openqa.selenium.remote.RemoteWebDriver.startSession(RemoteWebDriver.java:237)
	at app//org.openqa.selenium.remote.RemoteWebDriver.&lt;init&gt;(RemoteWebDriver.java:164)
	at app//org.openqa.selenium.chromium.ChromiumDriver.&lt;init&gt;(ChromiumDriver.java:114)
	at app//org.openqa.selenium.chrome.ChromeDriver.&lt;init&gt;(ChromeDriver.java:89)
	at app//org.openqa.selenium.chrome.ChromeDriver.&lt;init&gt;(ChromeDriver.java:84)
	at app//org.openqa.selenium.chrome.ChromeDriver.&lt;init&gt;(ChromeDriver.java:52)
	at app//com.test.ExceptionTimeOutTest.testMethod(ExceptionTimeOutTest.java:14)
	at java.base@17.0.9/java.util.concurrent.FutureTask.run(FutureTask.java:264)
	at java.base@17.0.9/java.util.concurrent.ThreadPoolExecutor.runWorker(ThreadPoolExecutor.java:1136)
	at java.base@17.0.9/java.util.concurrent.ThreadPoolExecutor$Worker.run(ThreadPoolExecutor.java:635)
	at java.base@17.0.9/java.lang.Thread.run(Thread.java:840)
... Removed 8 stack frames</div></td></tr></table><p class="totop"><a href="#summary">back to summary</a></p>
<h3 id="m1">com.test.GoogleTitleTest#googleTitleTest</h3><table class="result"><tr><th>Exception</th></tr><tr><td><div class="stacktrace">java.lang.AssertionError: title is not matched expected [Google12] but found [Google]
	at com.test.GoogleTitleTest.googleTitleTest(GoogleTitleTest.java:37)
	at java.base/java.util.ArrayList.forEach(ArrayList.java:1511)
... Removed 32 stack frames</div></td></tr></table><p class="totop"><a href="#summary">back to summary</a></p>
<h3 id="m2">com.test.ExceptionTimeOutTest#testMethod2</h3><table class="result"><tr><th>Expected Exception</th></tr><tr><td><div class="stacktrace">java.lang.NumberFormatException: For input string: &quot;100A&quot;
	at java.base/java.lang.NumberFormatException.forInputString(NumberFormatException.java:67)
	at java.base/java.lang.Integer.parseInt(Integer.java:668)
	at java.base/java.lang.Integer.parseInt(Integer.java:786)
	at com.test.ExceptionTimeOutTest.testMethod2(ExceptionTimeOutTest.java:24)
	at java.base/java.util.ArrayList.forEach(ArrayList.java:1511)
... Removed 27 stack frames</div></td></tr></table><p class="totop"><a href="#summary">back to summary</a></p>
<h3 id="m3">com.test.GoogleTest#Test1</h3><table class="result"><tr><th class="invisible"/></tr></table><p class="totop"><a href="#summary">back to summary</a></p>
<h3 id="m4">com.test.GoogleTest#Test2</h3><table class="result"><tr><th class="invisible"/></tr></table><p class="totop"><a href="#summary">back to summary</a></p>
<h3 id="m5">com.test.GoogleTest#Test3</h3><table class="result"><tr><th class="invisible"/></tr></table><p class="totop"><a href="#summary">back to summary</a></p>
<h3 id="m6">com.test.GoogleTest#gmailLinkTest</h3><table class="result"><tr><th class="invisible"/></tr></table><p class="totop"><a href="#summary">back to summary</a></p>
<h3 id="m7">com.test.GoogleTest#googleLogoTest</h3><table class="result"><tr><th class="invisible"/></tr></table><p class="totop"><a href="#summary">back to summary</a></p>
<h3 id="m8">com.test.GoogleTest#googleTitleTest</h3><table class="result"><tr><th class="invisible"/></tr></table><p class="totop"><a href="#summary">back to summary</a></p>
<h3 id="m9">com.test.GoogleTitleTest#googleLogoTest</h3><table class="result"><tr><th class="invisible"/></tr></table><p class="totop"><a href="#summary">back to summary</a></p>
<h3 id="m10">com.test.InvocationCountTest#sum</h3><table class="result"><tr><th class="invisible"/></tr></table><p class="totop"><a href="#summary">back to summary</a></p>
<h3 id="m11">com.test.InvocationCountTest#sum</h3><table class="result"><tr><th class="invisible"/></tr></table><p class="totop"><a href="#summary">back to summary</a></p>
<h3 id="m12">com.test.InvocationCountTest#sum</h3><table class="result"><tr><th class="invisible"/></tr></table><p class="totop"><a href="#summary">back to summary</a></p>
<h3 id="m13">com.test.InvocationCountTest#sum</h3><table class="result"><tr><th class="invisible"/></tr></table><p class="totop"><a href="#summary">back to summary</a></p>
<h3 id="m14">com.test.InvocationCountTest#sum</h3><table class="result"><tr><th class="invisible"/></tr></table><p class="totop"><a href="#summary">back to summary</a></p>
<h3 id="m15">com.test.InvocationCountTest#sum</h3><table class="result"><tr><th class="invisible"/></tr></table><p class="totop"><a href="#summary">back to summary</a></p>
<h3 id="m16">com.test.InvocationCountTest#sum</h3><table class="result"><tr><th class="invisible"/></tr></table><p class="totop"><a href="#summary">back to summary</a></p>
<h3 id="m17">com.test.InvocationCountTest#sum</h3><table class="result"><tr><th class="invisible"/></tr></table><p class="totop"><a href="#summary">back to summary</a></p>
<h3 id="m18">com.test.InvocationCountTest#sum</h3><table class="result"><tr><th class="invisible"/></tr></table><p class="totop"><a href="#summary">back to summary</a></p>
<h3 id="m19">com.test.InvocationCountTest#sum</h3><table class="result"><tr><th class="invisible"/></tr></table><p class="totop"><a href="#summary">back to summary</a></p>
<h3 id="m20">com.test.TestNgBasics#googleLogoTest</h3><table class="result"><tr><th class="invisible"/></tr></table><p class="totop"><a href="#summary">back to summary</a></p>
<h3 id="m21">com.test.TestNgBasics#googleTitleTest</h3><table class="result"><tr><th class="invisible"/></tr></table><p class="totop"><a href="#summary">back to summary</a></p>
<h3 id="m22">com.test.TestNgBasics#searchTest</h3><table class="result"><tr><th class="invisible"/></tr></table><p class="totop"><a href="#summary">back to summary</a></p>
<h3 id="m23">com.test.TestNgFeatures#HomePageTest</h3><table class="result"><tr><th class="invisible"/></tr></table><p class="totop"><a href="#summary">back to summary</a></p>
<h3 id="m24">com.test.TestNgFeatures#loginTest</h3><table class="result"><tr><th class="invisible"/></tr></table><p class="totop"><a href="#summary">back to summary</a></p>
<h3 id="m25">com.test.TestNgFeatures#registraionPageTest</h3><table class="result"><tr><th class="invisible"/></tr></table><p class="totop"><a href="#summary">back to summary</a></p>
<h3 id="m26">com.test.TestNgFeatures#searchPageTest</h3><table class="result"><tr><th class="invisible"/></tr></table><p class="totop"><a href="#summary">back to summary</a></p>
</body>
</html>
