<?xml version="1.0" encoding="UTF-8"?>
<testng-results ignored="0" total="27" passed="25" failed="2" skipped="0">
  <reporter-output>
  </reporter-output>
  <suite started-at="2025-02-24T16:18:17 IST" name="TestNG Session Test Automation Suite" finished-at="2025-02-24T16:18:46 IST" duration-ms="29058">
    <groups>
      <group name="Title">
        <method signature="GoogleTest.googleTitleTest()[pri:1, instance:com.test.GoogleTest@6bbe85a8]" name="googleTitleTest" class="com.test.GoogleTest"/>
      </group> <!-- Title -->
      <group name="Test Group">
        <method signature="GoogleTest.Test1()[pri:4, instance:com.test.GoogleTest@6bbe85a8]" name="Test1" class="com.test.GoogleTest"/>
        <method signature="GoogleTest.Test3()[pri:5, instance:com.test.GoogleTest@6bbe85a8]" name="Test3" class="com.test.GoogleTest"/>
        <method signature="GoogleTest.Test2()[pri:6, instance:com.test.GoogleTest@6bbe85a8]" name="Test2" class="com.test.GoogleTest"/>
      </group> <!-- Test Group -->
      <group name="Logo Test">
        <method signature="GoogleTest.googleLogoTest()[pri:3, instance:com.test.GoogleTest@6bbe85a8]" name="googleLogoTest" class="com.test.GoogleTest"/>
      </group> <!-- Logo Test -->
      <group name="link test">
        <method signature="GoogleTest.gmailLinkTest()[pri:2, instance:com.test.GoogleTest@6bbe85a8]" name="gmailLinkTest" class="com.test.GoogleTest"/>
      </group> <!-- link test -->
    </groups>
    <test started-at="2025-02-24T16:18:17 IST" name="Different TestNg feature test" finished-at="2025-02-24T16:18:46 IST" duration-ms="29058">
      <class name="com.test.GoogleTest">
        <test-method is-config="true" signature="setUp()[pri:0, instance:com.test.GoogleTest@6bbe85a8]" started-at="2025-02-24T16:18:18 IST" name="setUp" finished-at="2025-02-24T16:18:22 IST" duration-ms="4041" status="PASS">
          <reporter-output>
          </reporter-output>
        </test-method> <!-- setUp -->
        <test-method signature="googleTitleTest()[pri:1, instance:com.test.GoogleTest@6bbe85a8]" started-at="2025-02-24T16:18:22 IST" name="googleTitleTest" finished-at="2025-02-24T16:18:22 IST" duration-ms="15" status="PASS">
          <reporter-output>
          </reporter-output>
        </test-method> <!-- googleTitleTest -->
        <test-method is-config="true" signature="tearDown()[pri:0, instance:com.test.GoogleTest@6bbe85a8]" started-at="2025-02-24T16:18:22 IST" name="tearDown" finished-at="2025-02-24T16:18:22 IST" duration-ms="205" status="PASS">
          <reporter-output>
          </reporter-output>
        </test-method> <!-- tearDown -->
        <test-method is-config="true" signature="setUp()[pri:0, instance:com.test.GoogleTest@6bbe85a8]" started-at="2025-02-24T16:18:22 IST" name="setUp" finished-at="2025-02-24T16:18:25 IST" duration-ms="2924" status="PASS">
          <reporter-output>
          </reporter-output>
        </test-method> <!-- setUp -->
        <test-method signature="gmailLinkTest()[pri:2, instance:com.test.GoogleTest@6bbe85a8]" started-at="2025-02-24T16:18:25 IST" name="gmailLinkTest" finished-at="2025-02-24T16:18:25 IST" duration-ms="59" status="PASS">
          <reporter-output>
          </reporter-output>
        </test-method> <!-- gmailLinkTest -->
        <test-method is-config="true" signature="tearDown()[pri:0, instance:com.test.GoogleTest@6bbe85a8]" started-at="2025-02-24T16:18:25 IST" name="tearDown" finished-at="2025-02-24T16:18:25 IST" duration-ms="162" status="PASS">
          <reporter-output>
          </reporter-output>
        </test-method> <!-- tearDown -->
        <test-method is-config="true" signature="setUp()[pri:0, instance:com.test.GoogleTest@6bbe85a8]" started-at="2025-02-24T16:18:25 IST" name="setUp" finished-at="2025-02-24T16:18:29 IST" duration-ms="3613" status="PASS">
          <reporter-output>
          </reporter-output>
        </test-method> <!-- setUp -->
        <test-method signature="googleLogoTest()[pri:3, instance:com.test.GoogleTest@6bbe85a8]" started-at="2025-02-24T16:18:29 IST" name="googleLogoTest" finished-at="2025-02-24T16:18:29 IST" duration-ms="45" status="PASS">
          <reporter-output>
          </reporter-output>
        </test-method> <!-- googleLogoTest -->
        <test-method is-config="true" signature="tearDown()[pri:0, instance:com.test.GoogleTest@6bbe85a8]" started-at="2025-02-24T16:18:29 IST" name="tearDown" finished-at="2025-02-24T16:18:29 IST" duration-ms="167" status="PASS">
          <reporter-output>
          </reporter-output>
        </test-method> <!-- tearDown -->
        <test-method is-config="true" signature="setUp()[pri:0, instance:com.test.GoogleTest@6bbe85a8]" started-at="2025-02-24T16:18:29 IST" name="setUp" finished-at="2025-02-24T16:18:32 IST" duration-ms="3028" status="PASS">
          <reporter-output>
          </reporter-output>
        </test-method> <!-- setUp -->
        <test-method signature="Test1()[pri:4, instance:com.test.GoogleTest@6bbe85a8]" started-at="2025-02-24T16:18:32 IST" name="Test1" finished-at="2025-02-24T16:18:32 IST" duration-ms="2" status="PASS">
          <reporter-output>
          </reporter-output>
        </test-method> <!-- Test1 -->
        <test-method is-config="true" signature="tearDown()[pri:0, instance:com.test.GoogleTest@6bbe85a8]" started-at="2025-02-24T16:18:32 IST" name="tearDown" finished-at="2025-02-24T16:18:32 IST" duration-ms="166" status="PASS">
          <reporter-output>
          </reporter-output>
        </test-method> <!-- tearDown -->
        <test-method is-config="true" signature="setUp()[pri:0, instance:com.test.GoogleTest@6bbe85a8]" started-at="2025-02-24T16:18:32 IST" name="setUp" finished-at="2025-02-24T16:18:35 IST" duration-ms="2930" status="PASS">
          <reporter-output>
          </reporter-output>
        </test-method> <!-- setUp -->
        <test-method signature="Test3()[pri:5, instance:com.test.GoogleTest@6bbe85a8]" started-at="2025-02-24T16:18:35 IST" name="Test3" finished-at="2025-02-24T16:18:35 IST" duration-ms="2" status="PASS">
          <reporter-output>
          </reporter-output>
        </test-method> <!-- Test3 -->
        <test-method is-config="true" signature="tearDown()[pri:0, instance:com.test.GoogleTest@6bbe85a8]" started-at="2025-02-24T16:18:35 IST" name="tearDown" finished-at="2025-02-24T16:18:35 IST" duration-ms="185" status="PASS">
          <reporter-output>
          </reporter-output>
        </test-method> <!-- tearDown -->
        <test-method is-config="true" signature="setUp()[pri:0, instance:com.test.GoogleTest@6bbe85a8]" started-at="2025-02-24T16:18:35 IST" name="setUp" finished-at="2025-02-24T16:18:39 IST" duration-ms="3879" status="PASS">
          <reporter-output>
          </reporter-output>
        </test-method> <!-- setUp -->
        <test-method signature="Test2()[pri:6, instance:com.test.GoogleTest@6bbe85a8]" started-at="2025-02-24T16:18:39 IST" name="Test2" finished-at="2025-02-24T16:18:39 IST" duration-ms="1" status="PASS">
          <reporter-output>
          </reporter-output>
        </test-method> <!-- Test2 -->
        <test-method is-config="true" signature="tearDown()[pri:0, instance:com.test.GoogleTest@6bbe85a8]" started-at="2025-02-24T16:18:39 IST" name="tearDown" finished-at="2025-02-24T16:18:40 IST" duration-ms="164" status="PASS">
          <reporter-output>
          </reporter-output>
        </test-method> <!-- tearDown -->
      </class> <!-- com.test.GoogleTest -->
      <class name="com.test.GoogleTitleTest">
        <test-method is-config="true" signature="setUp()[pri:0, instance:com.test.GoogleTitleTest@4681c175]" started-at="2025-02-24T16:18:40 IST" name="setUp" finished-at="2025-02-24T16:18:42 IST" duration-ms="2787" status="PASS">
          <reporter-output>
          </reporter-output>
        </test-method> <!-- setUp -->
        <test-method signature="googleLogoTest()[pri:0, instance:com.test.GoogleTitleTest@4681c175]" started-at="2025-02-24T16:18:42 IST" name="googleLogoTest" finished-at="2025-02-24T16:18:42 IST" duration-ms="58" status="PASS">
          <reporter-output>
          </reporter-output>
        </test-method> <!-- googleLogoTest -->
        <test-method is-config="true" signature="tearDown()[pri:0, instance:com.test.GoogleTitleTest@4681c175]" started-at="2025-02-24T16:18:42 IST" name="tearDown" finished-at="2025-02-24T16:18:43 IST" duration-ms="161" status="PASS">
          <reporter-output>
          </reporter-output>
        </test-method> <!-- tearDown -->
        <test-method is-config="true" signature="setUp()[pri:0, instance:com.test.GoogleTitleTest@4681c175]" started-at="2025-02-24T16:18:43 IST" name="setUp" finished-at="2025-02-24T16:18:46 IST" duration-ms="3053" status="PASS">
          <reporter-output>
          </reporter-output>
        </test-method> <!-- setUp -->
        <test-method signature="googleTitleTest()[pri:0, instance:com.test.GoogleTitleTest@4681c175]" started-at="2025-02-24T16:18:46 IST" name="googleTitleTest" finished-at="2025-02-24T16:18:46 IST" duration-ms="24" status="FAIL">
          <exception class="java.lang.AssertionError">
            <message>
              <![CDATA[title is not matched expected [Google12] but found [Google]]]>
            </message>
            <full-stacktrace>
              <![CDATA[java.lang.AssertionError: title is not matched expected [Google12] but found [Google]
at org.testng.Assert.fail(Assert.java:111)
at org.testng.Assert.failNotEquals(Assert.java:1578)
at org.testng.Assert.assertEqualsImpl(Assert.java:150)
at org.testng.Assert.assertEquals(Assert.java:132)
at org.testng.Assert.assertEquals(Assert.java:656)
at com.test.GoogleTitleTest.googleTitleTest(GoogleTitleTest.java:37)
at java.base/jdk.internal.reflect.NativeMethodAccessorImpl.invoke0(Native Method)
at java.base/jdk.internal.reflect.NativeMethodAccessorImpl.invoke(NativeMethodAccessorImpl.java:77)
at java.base/jdk.internal.reflect.DelegatingMethodAccessorImpl.invoke(DelegatingMethodAccessorImpl.java:43)
at java.base/java.lang.reflect.Method.invoke(Method.java:568)
at org.testng.internal.invokers.MethodInvocationHelper.invokeMethod(MethodInvocationHelper.java:141)
at org.testng.internal.invokers.TestInvoker.invokeMethod(TestInvoker.java:686)
at org.testng.internal.invokers.TestInvoker.invokeTestMethod(TestInvoker.java:230)
at org.testng.internal.invokers.MethodRunner.runInSequence(MethodRunner.java:63)
at org.testng.internal.invokers.TestInvoker$MethodInvocationAgent.invoke(TestInvoker.java:992)
at org.testng.internal.invokers.TestInvoker.invokeTestMethods(TestInvoker.java:203)
at org.testng.internal.invokers.TestMethodWorker.invokeTestMethods(TestMethodWorker.java:154)
at org.testng.internal.invokers.TestMethodWorker.run(TestMethodWorker.java:134)
at java.base/java.util.ArrayList.forEach(ArrayList.java:1511)
at org.testng.TestRunner.privateRun(TestRunner.java:739)
at org.testng.TestRunner.run(TestRunner.java:614)
at org.testng.SuiteRunner.runTest(SuiteRunner.java:421)
at org.testng.SuiteRunner.runSequentially(SuiteRunner.java:413)
at org.testng.SuiteRunner.privateRun(SuiteRunner.java:373)
at org.testng.SuiteRunner.run(SuiteRunner.java:312)
at org.testng.SuiteRunnerWorker.runSuite(SuiteRunnerWorker.java:52)
at org.testng.SuiteRunnerWorker.run(SuiteRunnerWorker.java:95)
at org.testng.TestNG.runSuitesSequentially(TestNG.java:1274)
at org.testng.TestNG.runSuitesLocally(TestNG.java:1208)
at org.testng.TestNG.runSuites(TestNG.java:1112)
at org.testng.TestNG.run(TestNG.java:1079)
at org.testng.remote.AbstractRemoteTestNG.run(AbstractRemoteTestNG.java:115)
at org.testng.remote.RemoteTestNG.initAndRun(RemoteTestNG.java:293)
at org.testng.remote.RemoteTestNG.main(RemoteTestNG.java:91)
]]>
            </full-stacktrace>
          </exception> <!-- java.lang.AssertionError -->
          <reporter-output>
          </reporter-output>
        </test-method> <!-- googleTitleTest -->
        <test-method is-config="true" signature="tearDown()[pri:0, instance:com.test.GoogleTitleTest@4681c175]" started-at="2025-02-24T16:18:46 IST" name="tearDown" finished-at="2025-02-24T16:18:46 IST" duration-ms="177" status="PASS">
          <reporter-output>
          </reporter-output>
        </test-method> <!-- tearDown -->
      </class> <!-- com.test.GoogleTitleTest -->
      <class name="com.test.InvocationCountTest">
        <test-method signature="sum()[pri:0, instance:com.test.InvocationCountTest@57a78e3]" started-at="2025-02-24T16:18:46 IST" name="sum" finished-at="2025-02-24T16:18:46 IST" duration-ms="1" status="PASS">
          <reporter-output>
          </reporter-output>
        </test-method> <!-- sum -->
        <test-method signature="sum()[pri:0, instance:com.test.InvocationCountTest@57a78e3]" started-at="2025-02-24T16:18:46 IST" name="sum" finished-at="2025-02-24T16:18:46 IST" duration-ms="1" status="PASS">
          <reporter-output>
          </reporter-output>
        </test-method> <!-- sum -->
        <test-method signature="sum()[pri:0, instance:com.test.InvocationCountTest@57a78e3]" started-at="2025-02-24T16:18:46 IST" name="sum" finished-at="2025-02-24T16:18:46 IST" duration-ms="1" status="PASS">
          <reporter-output>
          </reporter-output>
        </test-method> <!-- sum -->
        <test-method signature="sum()[pri:0, instance:com.test.InvocationCountTest@57a78e3]" started-at="2025-02-24T16:18:46 IST" name="sum" finished-at="2025-02-24T16:18:46 IST" duration-ms="1" status="PASS">
          <reporter-output>
          </reporter-output>
        </test-method> <!-- sum -->
        <test-method signature="sum()[pri:0, instance:com.test.InvocationCountTest@57a78e3]" started-at="2025-02-24T16:18:46 IST" name="sum" finished-at="2025-02-24T16:18:46 IST" duration-ms="1" status="PASS">
          <reporter-output>
          </reporter-output>
        </test-method> <!-- sum -->
        <test-method signature="sum()[pri:0, instance:com.test.InvocationCountTest@57a78e3]" started-at="2025-02-24T16:18:46 IST" name="sum" finished-at="2025-02-24T16:18:46 IST" duration-ms="1" status="PASS">
          <reporter-output>
          </reporter-output>
        </test-method> <!-- sum -->
        <test-method signature="sum()[pri:0, instance:com.test.InvocationCountTest@57a78e3]" started-at="2025-02-24T16:18:46 IST" name="sum" finished-at="2025-02-24T16:18:46 IST" duration-ms="0" status="PASS">
          <reporter-output>
          </reporter-output>
        </test-method> <!-- sum -->
        <test-method signature="sum()[pri:0, instance:com.test.InvocationCountTest@57a78e3]" started-at="2025-02-24T16:18:46 IST" name="sum" finished-at="2025-02-24T16:18:46 IST" duration-ms="1" status="PASS">
          <reporter-output>
          </reporter-output>
        </test-method> <!-- sum -->
        <test-method signature="sum()[pri:0, instance:com.test.InvocationCountTest@57a78e3]" started-at="2025-02-24T16:18:46 IST" name="sum" finished-at="2025-02-24T16:18:46 IST" duration-ms="1" status="PASS">
          <reporter-output>
          </reporter-output>
        </test-method> <!-- sum -->
        <test-method signature="sum()[pri:0, instance:com.test.InvocationCountTest@57a78e3]" started-at="2025-02-24T16:18:46 IST" name="sum" finished-at="2025-02-24T16:18:46 IST" duration-ms="0" status="PASS">
          <reporter-output>
          </reporter-output>
        </test-method> <!-- sum -->
      </class> <!-- com.test.InvocationCountTest -->
      <class name="com.test.TestNgFeatures">
        <test-method signature="loginTest()[pri:0, instance:com.test.TestNgFeatures@7ce026d3]" started-at="2025-02-24T16:18:46 IST" name="loginTest" finished-at="2025-02-24T16:18:46 IST" duration-ms="1" status="PASS">
          <reporter-output>
          </reporter-output>
        </test-method> <!-- loginTest -->
        <test-method signature="HomePageTest()[pri:0, instance:com.test.TestNgFeatures@7ce026d3]" started-at="2025-02-24T16:18:46 IST" name="HomePageTest" finished-at="2025-02-24T16:18:46 IST" depends-on-methods="com.test.TestNgFeatures.loginTest" duration-ms="1" status="PASS">
          <reporter-output>
          </reporter-output>
        </test-method> <!-- HomePageTest -->
        <test-method signature="registraionPageTest()[pri:0, instance:com.test.TestNgFeatures@7ce026d3]" started-at="2025-02-24T16:18:46 IST" name="registraionPageTest" finished-at="2025-02-24T16:18:46 IST" depends-on-methods="com.test.TestNgFeatures.loginTest" duration-ms="1" status="PASS">
          <reporter-output>
          </reporter-output>
        </test-method> <!-- registraionPageTest -->
        <test-method signature="searchPageTest()[pri:0, instance:com.test.TestNgFeatures@7ce026d3]" started-at="2025-02-24T16:18:46 IST" name="searchPageTest" finished-at="2025-02-24T16:18:46 IST" depends-on-methods="com.test.TestNgFeatures.loginTest" duration-ms="1" status="PASS">
          <reporter-output>
          </reporter-output>
        </test-method> <!-- searchPageTest -->
      </class> <!-- com.test.TestNgFeatures -->
      <class name="com.test.TestNgBasics">
        <test-method is-config="true" signature="setup()[pri:0, instance:com.test.TestNgBasics@14028087]" started-at="2025-02-24T16:18:17 IST" name="setup" finished-at="2025-02-24T16:18:17 IST" duration-ms="20" status="PASS">
          <reporter-output>
          </reporter-output>
        </test-method> <!-- setup -->
        <test-method is-config="true" signature="launchBrowser()[pri:0, instance:com.test.TestNgBasics@14028087]" started-at="2025-02-24T16:18:17 IST" name="launchBrowser" finished-at="2025-02-24T16:18:17 IST" duration-ms="1" status="PASS">
          <reporter-output>
          </reporter-output>
        </test-method> <!-- launchBrowser -->
        <test-method is-config="true" signature="login()[pri:0, instance:com.test.TestNgBasics@14028087]" started-at="2025-02-24T16:18:46 IST" name="login" finished-at="2025-02-24T16:18:46 IST" duration-ms="1" status="PASS">
          <reporter-output>
          </reporter-output>
        </test-method> <!-- login -->
        <test-method is-config="true" signature="enterURL()[pri:0, instance:com.test.TestNgBasics@14028087]" started-at="2025-02-24T16:18:46 IST" name="enterURL" finished-at="2025-02-24T16:18:46 IST" duration-ms="0" status="PASS">
          <reporter-output>
          </reporter-output>
        </test-method> <!-- enterURL -->
        <test-method signature="googleLogoTest()[pri:0, instance:com.test.TestNgBasics@14028087]" started-at="2025-02-24T16:18:46 IST" name="googleLogoTest" finished-at="2025-02-24T16:18:46 IST" duration-ms="0" status="PASS">
          <reporter-output>
          </reporter-output>
        </test-method> <!-- googleLogoTest -->
        <test-method is-config="true" signature="logOut()[pri:0, instance:com.test.TestNgBasics@14028087]" started-at="2025-02-24T16:18:46 IST" name="logOut" finished-at="2025-02-24T16:18:46 IST" duration-ms="0" status="PASS">
          <reporter-output>
          </reporter-output>
        </test-method> <!-- logOut -->
        <test-method is-config="true" signature="enterURL()[pri:0, instance:com.test.TestNgBasics@14028087]" started-at="2025-02-24T16:18:46 IST" name="enterURL" finished-at="2025-02-24T16:18:46 IST" duration-ms="1" status="PASS">
          <reporter-output>
          </reporter-output>
        </test-method> <!-- enterURL -->
        <test-method signature="googleTitleTest()[pri:0, instance:com.test.TestNgBasics@14028087]" started-at="2025-02-24T16:18:46 IST" name="googleTitleTest" finished-at="2025-02-24T16:18:46 IST" duration-ms="1" status="PASS">
          <reporter-output>
          </reporter-output>
        </test-method> <!-- googleTitleTest -->
        <test-method is-config="true" signature="logOut()[pri:0, instance:com.test.TestNgBasics@14028087]" started-at="2025-02-24T16:18:46 IST" name="logOut" finished-at="2025-02-24T16:18:46 IST" duration-ms="0" status="PASS">
          <reporter-output>
          </reporter-output>
        </test-method> <!-- logOut -->
        <test-method signature="searchTest()[pri:0, instance:com.test.TestNgBasics@14028087]" started-at="2025-02-24T16:18:46 IST" name="searchTest" finished-at="2025-02-24T16:18:46 IST" duration-ms="2" status="PASS">
          <reporter-output>
          </reporter-output>
        </test-method> <!-- searchTest -->
        <test-method is-config="true" signature="enterURL()[pri:0, instance:com.test.TestNgBasics@14028087]" started-at="2025-02-24T16:18:46 IST" name="enterURL" finished-at="2025-02-24T16:18:46 IST" duration-ms="0" status="PASS">
          <reporter-output>
          </reporter-output>
        </test-method> <!-- enterURL -->
        <test-method is-config="true" signature="logOut()[pri:0, instance:com.test.TestNgBasics@14028087]" started-at="2025-02-24T16:18:46 IST" name="logOut" finished-at="2025-02-24T16:18:46 IST" duration-ms="0" status="PASS">
          <reporter-output>
          </reporter-output>
        </test-method> <!-- logOut -->
        <test-method is-config="true" signature="closeBrowser()[pri:0, instance:com.test.TestNgBasics@14028087]" started-at="2025-02-24T16:18:46 IST" name="closeBrowser" finished-at="2025-02-24T16:18:46 IST" duration-ms="0" status="PASS">
          <reporter-output>
          </reporter-output>
        </test-method> <!-- closeBrowser -->
        <test-method is-config="true" signature="deleteAllCookies()[pri:0, instance:com.test.TestNgBasics@14028087]" started-at="2025-02-24T16:18:46 IST" name="deleteAllCookies" finished-at="2025-02-24T16:18:46 IST" duration-ms="0" status="PASS">
          <reporter-output>
          </reporter-output>
        </test-method> <!-- deleteAllCookies -->
        <test-method is-config="true" signature="generateTestReport()[pri:0, instance:com.test.TestNgBasics@14028087]" started-at="2025-02-24T16:18:46 IST" name="generateTestReport" finished-at="2025-02-24T16:18:46 IST" duration-ms="0" status="PASS">
          <reporter-output>
          </reporter-output>
        </test-method> <!-- generateTestReport -->
      </class> <!-- com.test.TestNgBasics -->
      <class name="com.test.ExceptionTimeOutTest">
        <test-method signature="testMethod()[pri:0, instance:com.test.ExceptionTimeOutTest@543295b0]" started-at="2025-02-24T16:18:17 IST" name="testMethod" finished-at="2025-02-24T16:18:18 IST" duration-ms="1025" status="FAIL">
          <exception class="org.testng.internal.thread.ThreadTimeoutException">
            <message>
              <![CDATA[Method com.test.ExceptionTimeOutTest.testMethod() didn't finish within the time-out 1000]]>
            </message>
            <full-stacktrace>
              <![CDATA[org.testng.internal.thread.ThreadTimeoutException: Method com.test.ExceptionTimeOutTest.testMethod() didn't finish within the time-out 1000
at java.base@17.0.9/jdk.internal.misc.Unsafe.park(Native Method)
at java.base@17.0.9/java.util.concurrent.locks.LockSupport.parkNanos(LockSupport.java:252)
at java.base@17.0.9/java.util.concurrent.CompletableFuture$Signaller.block(CompletableFuture.java:1866)
at java.base@17.0.9/java.util.concurrent.ForkJoinPool.unmanagedBlock(ForkJoinPool.java:3465)
at java.base@17.0.9/java.util.concurrent.ForkJoinPool.managedBlock(ForkJoinPool.java:3436)
at java.base@17.0.9/java.util.concurrent.CompletableFuture.timedGet(CompletableFuture.java:1939)
at java.base@17.0.9/java.util.concurrent.CompletableFuture.get(CompletableFuture.java:2095)
at app//org.openqa.selenium.remote.http.jdk.JdkHttpClient.execute0(JdkHttpClient.java:385)
at app//org.openqa.selenium.remote.http.jdk.JdkHttpClient$$Lambda$284/0x0000000800203b88.execute(Unknown Source)
at app//org.openqa.selenium.remote.http.AddSeleniumUserAgent.lambda$apply$0(AddSeleniumUserAgent.java:42)
at app//org.openqa.selenium.remote.http.AddSeleniumUserAgent$$Lambda$480/0x00000008002a4f38.execute(Unknown Source)
at app//org.openqa.selenium.remote.http.Filter.lambda$andFinally$1(Filter.java:55)
at app//org.openqa.selenium.remote.http.Filter$$Lambda$285/0x0000000800203db8.execute(Unknown Source)
at app//org.openqa.selenium.remote.http.jdk.JdkHttpClient.execute(JdkHttpClient.java:358)
at app//org.openqa.selenium.remote.ProtocolHandshake.createSession(ProtocolHandshake.java:115)
at app//org.openqa.selenium.remote.ProtocolHandshake.createSession(ProtocolHandshake.java:96)
at app//org.openqa.selenium.remote.ProtocolHandshake.createSession(ProtocolHandshake.java:68)
at app//org.openqa.selenium.remote.HttpCommandExecutor.execute(HttpCommandExecutor.java:163)
at app//org.openqa.selenium.remote.service.DriverCommandExecutor.invokeExecute(DriverCommandExecutor.java:200)
at app//org.openqa.selenium.remote.service.DriverCommandExecutor.execute(DriverCommandExecutor.java:175)
at app//org.openqa.selenium.remote.RemoteWebDriver.execute(RemoteWebDriver.java:523)
at app//org.openqa.selenium.remote.RemoteWebDriver.startSession(RemoteWebDriver.java:237)
at app//org.openqa.selenium.remote.RemoteWebDriver.<init>(RemoteWebDriver.java:164)
at app//org.openqa.selenium.chromium.ChromiumDriver.<init>(ChromiumDriver.java:114)
at app//org.openqa.selenium.chrome.ChromeDriver.<init>(ChromeDriver.java:89)
at app//org.openqa.selenium.chrome.ChromeDriver.<init>(ChromeDriver.java:84)
at app//org.openqa.selenium.chrome.ChromeDriver.<init>(ChromeDriver.java:52)
at app//com.test.ExceptionTimeOutTest.testMethod(ExceptionTimeOutTest.java:14)
at java.base@17.0.9/jdk.internal.reflect.NativeMethodAccessorImpl.invoke0(Native Method)
at java.base@17.0.9/jdk.internal.reflect.NativeMethodAccessorImpl.invoke(NativeMethodAccessorImpl.java:77)
at java.base@17.0.9/jdk.internal.reflect.DelegatingMethodAccessorImpl.invoke(DelegatingMethodAccessorImpl.java:43)
at java.base@17.0.9/java.lang.reflect.Method.invoke(Method.java:568)
at app//org.testng.internal.invokers.MethodInvocationHelper.invokeMethod(MethodInvocationHelper.java:141)
at app//org.testng.internal.invokers.InvokeMethodRunnable.runOne(InvokeMethodRunnable.java:47)
at app//org.testng.internal.invokers.InvokeMethodRunnable.call(InvokeMethodRunnable.java:73)
at app//org.testng.internal.invokers.InvokeMethodRunnable.call(InvokeMethodRunnable.java:11)
at java.base@17.0.9/java.util.concurrent.FutureTask.run(FutureTask.java:264)
at java.base@17.0.9/java.util.concurrent.ThreadPoolExecutor.runWorker(ThreadPoolExecutor.java:1136)
at java.base@17.0.9/java.util.concurrent.ThreadPoolExecutor$Worker.run(ThreadPoolExecutor.java:635)
at java.base@17.0.9/java.lang.Thread.run(Thread.java:840)
]]>
            </full-stacktrace>
          </exception> <!-- org.testng.internal.thread.ThreadTimeoutException -->
          <reporter-output>
          </reporter-output>
        </test-method> <!-- testMethod -->
        <test-method signature="testMethod2()[pri:0, instance:com.test.ExceptionTimeOutTest@543295b0]" started-at="2025-02-24T16:18:18 IST" name="testMethod2" finished-at="2025-02-24T16:18:18 IST" duration-ms="5" status="PASS">
          <exception class="java.lang.NumberFormatException">
            <message>
              <![CDATA[For input string: "100A"]]>
            </message>
            <full-stacktrace>
              <![CDATA[java.lang.NumberFormatException: For input string: "100A"
at java.base/java.lang.NumberFormatException.forInputString(NumberFormatException.java:67)
at java.base/java.lang.Integer.parseInt(Integer.java:668)
at java.base/java.lang.Integer.parseInt(Integer.java:786)
at com.test.ExceptionTimeOutTest.testMethod2(ExceptionTimeOutTest.java:24)
at java.base/jdk.internal.reflect.NativeMethodAccessorImpl.invoke0(Native Method)
at java.base/jdk.internal.reflect.NativeMethodAccessorImpl.invoke(NativeMethodAccessorImpl.java:77)
at java.base/jdk.internal.reflect.DelegatingMethodAccessorImpl.invoke(DelegatingMethodAccessorImpl.java:43)
at java.base/java.lang.reflect.Method.invoke(Method.java:568)
at org.testng.internal.invokers.MethodInvocationHelper.invokeMethod(MethodInvocationHelper.java:141)
at org.testng.internal.invokers.TestInvoker.invokeMethod(TestInvoker.java:686)
at org.testng.internal.invokers.TestInvoker.invokeTestMethod(TestInvoker.java:230)
at org.testng.internal.invokers.MethodRunner.runInSequence(MethodRunner.java:63)
at org.testng.internal.invokers.TestInvoker$MethodInvocationAgent.invoke(TestInvoker.java:992)
at org.testng.internal.invokers.TestInvoker.invokeTestMethods(TestInvoker.java:203)
at org.testng.internal.invokers.TestMethodWorker.invokeTestMethods(TestMethodWorker.java:154)
at org.testng.internal.invokers.TestMethodWorker.run(TestMethodWorker.java:134)
at java.base/java.util.ArrayList.forEach(ArrayList.java:1511)
at org.testng.TestRunner.privateRun(TestRunner.java:739)
at org.testng.TestRunner.run(TestRunner.java:614)
at org.testng.SuiteRunner.runTest(SuiteRunner.java:421)
at org.testng.SuiteRunner.runSequentially(SuiteRunner.java:413)
at org.testng.SuiteRunner.privateRun(SuiteRunner.java:373)
at org.testng.SuiteRunner.run(SuiteRunner.java:312)
at org.testng.SuiteRunnerWorker.runSuite(SuiteRunnerWorker.java:52)
at org.testng.SuiteRunnerWorker.run(SuiteRunnerWorker.java:95)
at org.testng.TestNG.runSuitesSequentially(TestNG.java:1274)
at org.testng.TestNG.runSuitesLocally(TestNG.java:1208)
at org.testng.TestNG.runSuites(TestNG.java:1112)
at org.testng.TestNG.run(TestNG.java:1079)
at org.testng.remote.AbstractRemoteTestNG.run(AbstractRemoteTestNG.java:115)
at org.testng.remote.RemoteTestNG.initAndRun(RemoteTestNG.java:293)
at org.testng.remote.RemoteTestNG.main(RemoteTestNG.java:91)
]]>
            </full-stacktrace>
          </exception> <!-- java.lang.NumberFormatException -->
          <reporter-output>
          </reporter-output>
        </test-method> <!-- testMethod2 -->
      </class> <!-- com.test.ExceptionTimeOutTest -->
    </test> <!-- Different TestNg feature test -->
  </suite> <!-- TestNG Session Test Automation Suite -->
</testng-results>
