<?xml version="1.0" encoding="UTF-8"?>
<!-- Generated by org.testng.reporters.JUnitXMLReporter -->
<testsuite ignored="0" hostname="DESKTOP-ERAU1O0" failures="2" tests="27" name="Different TestNg feature test" time="29.058" errors="0" timestamp="2025-02-24T16:18:46 IST">
  <testcase classname="com.test.ExceptionTimeOutTest" name="testMethod" time="1.025">
    <failure type="org.testng.internal.thread.ThreadTimeoutException" message="Method com.test.ExceptionTimeOutTest.testMethod() didn&amp;apos;t finish within the time-out 1000">
      <![CDATA[org.testng.internal.thread.ThreadTimeoutException: Method com.test.ExceptionTimeOutTest.testMethod() didn't finish within the time-out 1000
at java.base@17.0.9/jdk.internal.misc.Unsafe.park(Native Method)
at java.base@17.0.9/java.util.concurrent.locks.LockSupport.parkNanos(LockSupport.java:252)
at java.base@17.0.9/java.util.concurrent.CompletableFuture$Signaller.block(CompletableFuture.java:1866)
at java.base@17.0.9/java.util.concurrent.ForkJoinPool.unmanagedBlock(ForkJoinPool.java:3465)
at java.base@17.0.9/java.util.concurrent.ForkJoinPool.managedBlock(ForkJoinPool.java:3436)
at java.base@17.0.9/java.util.concurrent.CompletableFuture.timedGet(CompletableFuture.java:1939)
at java.base@17.0.9/java.util.concurrent.CompletableFuture.get(CompletableFuture.java:2095)
at app//org.openqa.selenium.remote.http.jdk.JdkHttpClient.execute0(JdkHttpClient.java:385)
at app//org.openqa.selenium.remote.http.jdk.JdkHttpClient$$Lambda$284/0x0000000800203b88.execute(Unknown Source)
at app//org.openqa.selenium.remote.http.AddSeleniumUserAgent.lambda$apply$0(AddSeleniumUserAgent.java:42)
at app//org.openqa.selenium.remote.http.AddSeleniumUserAgent$$Lambda$480/0x00000008002a4f38.execute(Unknown Source)
at app//org.openqa.selenium.remote.http.Filter.lambda$andFinally$1(Filter.java:55)
at app//org.openqa.selenium.remote.http.Filter$$Lambda$285/0x0000000800203db8.execute(Unknown Source)
at app//org.openqa.selenium.remote.http.jdk.JdkHttpClient.execute(JdkHttpClient.java:358)
at app//org.openqa.selenium.remote.ProtocolHandshake.createSession(ProtocolHandshake.java:115)
at app//org.openqa.selenium.remote.ProtocolHandshake.createSession(ProtocolHandshake.java:96)
at app//org.openqa.selenium.remote.ProtocolHandshake.createSession(ProtocolHandshake.java:68)
at app//org.openqa.selenium.remote.HttpCommandExecutor.execute(HttpCommandExecutor.java:163)
at app//org.openqa.selenium.remote.service.DriverCommandExecutor.invokeExecute(DriverCommandExecutor.java:200)
at app//org.openqa.selenium.remote.service.DriverCommandExecutor.execute(DriverCommandExecutor.java:175)
at app//org.openqa.selenium.remote.RemoteWebDriver.execute(RemoteWebDriver.java:523)
at app//org.openqa.selenium.remote.RemoteWebDriver.startSession(RemoteWebDriver.java:237)
at app//org.openqa.selenium.remote.RemoteWebDriver.<init>(RemoteWebDriver.java:164)
at app//org.openqa.selenium.chromium.ChromiumDriver.<init>(ChromiumDriver.java:114)
at app//org.openqa.selenium.chrome.ChromeDriver.<init>(ChromeDriver.java:89)
at app//org.openqa.selenium.chrome.ChromeDriver.<init>(ChromeDriver.java:84)
at app//org.openqa.selenium.chrome.ChromeDriver.<init>(ChromeDriver.java:52)
at app//com.test.ExceptionTimeOutTest.testMethod(ExceptionTimeOutTest.java:14)
at java.base@17.0.9/java.util.concurrent.FutureTask.run(FutureTask.java:264)
at java.base@17.0.9/java.util.concurrent.ThreadPoolExecutor.runWorker(ThreadPoolExecutor.java:1136)
at java.base@17.0.9/java.util.concurrent.ThreadPoolExecutor$Worker.run(ThreadPoolExecutor.java:635)
at java.base@17.0.9/java.lang.Thread.run(Thread.java:840)
... Removed 8 stack frames]]>
    </failure>
  </testcase> <!-- testMethod -->
  <testcase classname="com.test.ExceptionTimeOutTest" name="testMethod2" time="0.005"/>
  <testcase classname="com.test.GoogleTest" name="googleTitleTest" time="0.015"/>
  <testcase classname="com.test.GoogleTest" name="gmailLinkTest" time="0.059"/>
  <testcase classname="com.test.GoogleTest" name="googleLogoTest" time="0.045"/>
  <testcase classname="com.test.GoogleTest" name="Test1" time="0.002"/>
  <testcase classname="com.test.GoogleTest" name="Test3" time="0.002"/>
  <testcase classname="com.test.GoogleTest" name="Test2" time="0.001"/>
  <testcase classname="com.test.GoogleTitleTest" name="googleLogoTest" time="0.058"/>
  <testcase classname="com.test.GoogleTitleTest" name="googleTitleTest" time="0.024">
    <failure type="java.lang.AssertionError" message="title is not matched expected [Google12] but found [Google]">
      <![CDATA[java.lang.AssertionError: title is not matched expected [Google12] but found [Google]
at com.test.GoogleTitleTest.googleTitleTest(GoogleTitleTest.java:37)
at java.base/java.util.ArrayList.forEach(ArrayList.java:1511)
... Removed 32 stack frames]]>
    </failure>
  </testcase> <!-- googleTitleTest -->
  <testcase classname="com.test.InvocationCountTest" name="sum" time="0.001"/>
  <testcase classname="com.test.InvocationCountTest" name="sum" time="0.001"/>
  <testcase classname="com.test.InvocationCountTest" name="sum" time="0.001"/>
  <testcase classname="com.test.InvocationCountTest" name="sum" time="0.001"/>
  <testcase classname="com.test.InvocationCountTest" name="sum" time="0.001"/>
  <testcase classname="com.test.InvocationCountTest" name="sum" time="0.001"/>
  <testcase classname="com.test.InvocationCountTest" name="sum" time="0.0"/>
  <testcase classname="com.test.InvocationCountTest" name="sum" time="0.001"/>
  <testcase classname="com.test.InvocationCountTest" name="sum" time="0.001"/>
  <testcase classname="com.test.InvocationCountTest" name="sum" time="0.0"/>
  <testcase classname="com.test.TestNgBasics" name="googleLogoTest" time="0.0"/>
  <testcase classname="com.test.TestNgBasics" name="googleTitleTest" time="0.001"/>
  <testcase classname="com.test.TestNgBasics" name="searchTest" time="0.002"/>
  <testcase classname="com.test.TestNgFeatures" name="loginTest" time="0.001"/>
  <testcase classname="com.test.TestNgFeatures" name="HomePageTest" time="0.001"/>
  <testcase classname="com.test.TestNgFeatures" name="registraionPageTest" time="0.001"/>
  <testcase classname="com.test.TestNgFeatures" name="searchPageTest" time="0.001"/>
</testsuite> <!-- Different TestNg feature test -->
